CRITICAL - 2022-07-24 03:44:16 --> Call to undefined method App\Models\KaryawanModel::getKaryawan
in SYSTEMPATH\Model.php on line 773.
 1 APPPATH\Controllers\Karyawan.php(18): CodeIgniter\Model->__call('getKaryawan', [])
 2 SYSTEMPATH\CodeIgniter.php(896): App\Controllers\Karyawan->index()
 3 SYSTEMPATH\CodeIgniter.php(466): CodeIgniter\CodeIgniter->runController(Object(App\Controllers\Karyawan))
 4 SYSTEMPATH\CodeIgniter.php(349): CodeIgniter\CodeIgniter->handleRequest(null, Object(Config\Cache), false)
 5 FCPATH\index.php(55): CodeIgniter\CodeIgniter->run()
 6 SYSTEMPATH\Commands\Server\rewrite.php(43): require_once('FCPATH\\index.php')
CRITICAL - 2022-07-24 03:44:23 --> Call to undefined method App\Models\KaryawanModel::getKaryawan
in SYSTEMPATH\Model.php on line 773.
 1 APPPATH\Controllers\Karyawan.php(18): CodeIgniter\Model->__call('getKaryawan', [])
 2 SYSTEMPATH\CodeIgniter.php(896): App\Controllers\Karyawan->index()
 3 SYSTEMPATH\CodeIgniter.php(466): CodeIgniter\CodeIgniter->runController(Object(App\Controllers\Karyawan))
 4 SYSTEMPATH\CodeIgniter.php(349): CodeIgniter\CodeIgniter->handleRequest(null, Object(Config\Cache), false)
 5 FCPATH\index.php(55): CodeIgniter\CodeIgniter->run()
 6 SYSTEMPATH\Commands\Server\rewrite.php(43): require_once('FCPATH\\index.php')
CRITICAL - 2022-07-24 03:44:37 --> Call to undefined method App\Models\KaryawanModel::getKaryawan
in SYSTEMPATH\Model.php on line 773.
 1 APPPATH\Controllers\Karyawan.php(18): CodeIgniter\Model->__call('getKaryawan', [])
 2 SYSTEMPATH\CodeIgniter.php(896): App\Controllers\Karyawan->index()
 3 SYSTEMPATH\CodeIgniter.php(466): CodeIgniter\CodeIgniter->runController(Object(App\Controllers\Karyawan))
 4 SYSTEMPATH\CodeIgniter.php(349): CodeIgniter\CodeIgniter->handleRequest(null, Object(Config\Cache), false)
 5 FCPATH\index.php(55): CodeIgniter\CodeIgniter->run()
 6 SYSTEMPATH\Commands\Server\rewrite.php(43): require_once('FCPATH\\index.php')
CRITICAL - 2022-07-24 03:47:30 --> Invalid file: karyawan/create.php
in SYSTEMPATH\Exceptions\FrameworkException.php on line 33.
 1 SYSTEMPATH\View\View.php(201): CodeIgniter\Exceptions\FrameworkException::forInvalidFile('karyawan/create.php')
 2 SYSTEMPATH\Common.php(1135): CodeIgniter\View\View->render('karyawan/create', [], true)
 3 APPPATH\Controllers\Karyawan.php(29): view('karyawan/create', [...])
 4 SYSTEMPATH\CodeIgniter.php(896): App\Controllers\Karyawan->create()
 5 SYSTEMPATH\CodeIgniter.php(466): CodeIgniter\CodeIgniter->runController(Object(App\Controllers\Karyawan))
 6 SYSTEMPATH\CodeIgniter.php(349): CodeIgniter\CodeIgniter->handleRequest(null, Object(Config\Cache), false)
 7 FCPATH\index.php(55): CodeIgniter\CodeIgniter->run()
 8 SYSTEMPATH\Commands\Server\rewrite.php(43): require_once('FCPATH\\index.php')
CRITICAL - 2022-07-24 03:48:34 --> Invalid file: karyawan/create.php
in SYSTEMPATH\Exceptions\FrameworkException.php on line 33.
 1 SYSTEMPATH\View\View.php(201): CodeIgniter\Exceptions\FrameworkException::forInvalidFile('karyawan/create.php')
 2 SYSTEMPATH\Common.php(1135): CodeIgniter\View\View->render('karyawan/create', [], true)
 3 APPPATH\Controllers\Karyawan.php(29): view('karyawan/create', [...])
 4 SYSTEMPATH\CodeIgniter.php(896): App\Controllers\Karyawan->create()
 5 SYSTEMPATH\CodeIgniter.php(466): CodeIgniter\CodeIgniter->runController(Object(App\Controllers\Karyawan))
 6 SYSTEMPATH\CodeIgniter.php(349): CodeIgniter\CodeIgniter->handleRequest(null, Object(Config\Cache), false)
 7 FCPATH\index.php(55): CodeIgniter\CodeIgniter->run()
 8 SYSTEMPATH\Commands\Server\rewrite.php(43): require_once('FCPATH\\index.php')
CRITICAL - 2022-07-24 03:59:06 --> Undefined variable $karyawan
in APPPATH\Views\karyawan.php on line 27.
 1 APPPATH\Views\karyawan.php(27): CodeIgniter\Debug\Exceptions->errorHandler(2, 'Undefined variable $karyawan', 'APPPATH\\Views\\karyawan.php', 27)
 2 SYSTEMPATH\View\View.php(213): include('APPPATH\\Views\\karyawan.php')
 3 SYSTEMPATH\View\View.php(216): CodeIgniter\View\View->CodeIgniter\View\{closure}()
 4 SYSTEMPATH\Common.php(1135): CodeIgniter\View\View->render('karyawan', [], true)
 5 APPPATH\Controllers\Karyawan.php(20): view('karyawan', [...])
 6 SYSTEMPATH\CodeIgniter.php(896): App\Controllers\Karyawan->index()
 7 SYSTEMPATH\CodeIgniter.php(466): CodeIgniter\CodeIgniter->runController(Object(App\Controllers\Karyawan))
 8 SYSTEMPATH\CodeIgniter.php(349): CodeIgniter\CodeIgniter->handleRequest(null, Object(Config\Cache), false)
 9 FCPATH\index.php(55): CodeIgniter\CodeIgniter->run()
10 SYSTEMPATH\Commands\Server\rewrite.php(43): require_once('FCPATH\\index.php')
CRITICAL - 2022-07-24 03:59:20 --> Undefined variable $karyawan
in APPPATH\Views\karyawan.php on line 27.
 1 APPPATH\Views\karyawan.php(27): CodeIgniter\Debug\Exceptions->errorHandler(2, 'Undefined variable $karyawan', 'APPPATH\\Views\\karyawan.php', 27)
 2 SYSTEMPATH\View\View.php(213): include('APPPATH\\Views\\karyawan.php')
 3 SYSTEMPATH\View\View.php(216): CodeIgniter\View\View->CodeIgniter\View\{closure}()
 4 SYSTEMPATH\Common.php(1135): CodeIgniter\View\View->render('karyawan', [], true)
 5 APPPATH\Controllers\Karyawan.php(20): view('karyawan', [...])
 6 SYSTEMPATH\CodeIgniter.php(896): App\Controllers\Karyawan->index()
 7 SYSTEMPATH\CodeIgniter.php(466): CodeIgniter\CodeIgniter->runController(Object(App\Controllers\Karyawan))
 8 SYSTEMPATH\CodeIgniter.php(349): CodeIgniter\CodeIgniter->handleRequest(null, Object(Config\Cache), false)
 9 FCPATH\index.php(55): CodeIgniter\CodeIgniter->run()
10 SYSTEMPATH\Commands\Server\rewrite.php(43): require_once('FCPATH\\index.php')
CRITICAL - 2022-07-24 04:01:31 --> Undefined variable $karyawan
in APPPATH\Views\karyawan.php on line 27.
 1 APPPATH\Views\karyawan.php(27): CodeIgniter\Debug\Exceptions->errorHandler(2, 'Undefined variable $karyawan', 'APPPATH\\Views\\karyawan.php', 27)
 2 SYSTEMPATH\View\View.php(213): include('APPPATH\\Views\\karyawan.php')
 3 SYSTEMPATH\View\View.php(216): CodeIgniter\View\View->CodeIgniter\View\{closure}()
 4 SYSTEMPATH\Common.php(1135): CodeIgniter\View\View->render('karyawan', [], true)
 5 APPPATH\Controllers\Karyawan.php(20): view('karyawan', [...])
 6 SYSTEMPATH\CodeIgniter.php(896): App\Controllers\Karyawan->index()
 7 SYSTEMPATH\CodeIgniter.php(466): CodeIgniter\CodeIgniter->runController(Object(App\Controllers\Karyawan))
 8 SYSTEMPATH\CodeIgniter.php(349): CodeIgniter\CodeIgniter->handleRequest(null, Object(Config\Cache), false)
 9 FCPATH\index.php(55): CodeIgniter\CodeIgniter->run()
10 SYSTEMPATH\Commands\Server\rewrite.php(43): require_once('FCPATH\\index.php')
CRITICAL - 2022-07-24 04:05:03 --> Call to undefined method App\Models\KaryawanModel::getKaryawan
in SYSTEMPATH\Model.php on line 773.
 1 APPPATH\Controllers\Karyawan.php(18): CodeIgniter\Model->__call('getKaryawan', [])
 2 SYSTEMPATH\CodeIgniter.php(896): App\Controllers\Karyawan->index()
 3 SYSTEMPATH\CodeIgniter.php(466): CodeIgniter\CodeIgniter->runController(Object(App\Controllers\Karyawan))
 4 SYSTEMPATH\CodeIgniter.php(349): CodeIgniter\CodeIgniter->handleRequest(null, Object(Config\Cache), false)
 5 FCPATH\index.php(55): CodeIgniter\CodeIgniter->run()
 6 SYSTEMPATH\Commands\Server\rewrite.php(43): require_once('FCPATH\\index.php')
CRITICAL - 2022-07-24 04:05:23 --> Undefined variable $karyawan
in APPPATH\Views\karyawan.php on line 27.
 1 APPPATH\Views\karyawan.php(27): CodeIgniter\Debug\Exceptions->errorHandler(2, 'Undefined variable $karyawan', 'APPPATH\\Views\\karyawan.php', 27)
 2 SYSTEMPATH\View\View.php(213): include('APPPATH\\Views\\karyawan.php')
 3 SYSTEMPATH\View\View.php(216): CodeIgniter\View\View->CodeIgniter\View\{closure}()
 4 SYSTEMPATH\Common.php(1135): CodeIgniter\View\View->render('karyawan', [], true)
 5 APPPATH\Controllers\Karyawan.php(20): view('karyawan', [...])
 6 SYSTEMPATH\CodeIgniter.php(896): App\Controllers\Karyawan->index()
 7 SYSTEMPATH\CodeIgniter.php(466): CodeIgniter\CodeIgniter->runController(Object(App\Controllers\Karyawan))
 8 SYSTEMPATH\CodeIgniter.php(349): CodeIgniter\CodeIgniter->handleRequest(null, Object(Config\Cache), false)
 9 FCPATH\index.php(55): CodeIgniter\CodeIgniter->run()
10 SYSTEMPATH\Commands\Server\rewrite.php(43): require_once('FCPATH\\index.php')
CRITICAL - 2022-07-24 04:06:51 --> Undefined variable $karyawan
in APPPATH\Views\karyawan.php on line 27.
 1 APPPATH\Views\karyawan.php(27): CodeIgniter\Debug\Exceptions->errorHandler(2, 'Undefined variable $karyawan', 'APPPATH\\Views\\karyawan.php', 27)
 2 SYSTEMPATH\View\View.php(213): include('APPPATH\\Views\\karyawan.php')
 3 SYSTEMPATH\View\View.php(216): CodeIgniter\View\View->CodeIgniter\View\{closure}()
 4 SYSTEMPATH\Common.php(1135): CodeIgniter\View\View->render('karyawan', [], true)
 5 APPPATH\Controllers\Karyawan.php(20): view('karyawan', [...])
 6 SYSTEMPATH\CodeIgniter.php(896): App\Controllers\Karyawan->index()
 7 SYSTEMPATH\CodeIgniter.php(466): CodeIgniter\CodeIgniter->runController(Object(App\Controllers\Karyawan))
 8 SYSTEMPATH\CodeIgniter.php(349): CodeIgniter\CodeIgniter->handleRequest(null, Object(Config\Cache), false)
 9 FCPATH\index.php(55): CodeIgniter\CodeIgniter->run()
10 SYSTEMPATH\Commands\Server\rewrite.php(43): require_once('FCPATH\\index.php')
CRITICAL - 2022-07-24 04:06:55 --> Undefined variable $karyawan
in APPPATH\Views\karyawan.php on line 27.
 1 APPPATH\Views\karyawan.php(27): CodeIgniter\Debug\Exceptions->errorHandler(2, 'Undefined variable $karyawan', 'APPPATH\\Views\\karyawan.php', 27)
 2 SYSTEMPATH\View\View.php(213): include('APPPATH\\Views\\karyawan.php')
 3 SYSTEMPATH\View\View.php(216): CodeIgniter\View\View->CodeIgniter\View\{closure}()
 4 SYSTEMPATH\Common.php(1135): CodeIgniter\View\View->render('karyawan', [], true)
 5 APPPATH\Controllers\Karyawan.php(20): view('karyawan', [...])
 6 SYSTEMPATH\CodeIgniter.php(896): App\Controllers\Karyawan->index()
 7 SYSTEMPATH\CodeIgniter.php(466): CodeIgniter\CodeIgniter->runController(Object(App\Controllers\Karyawan))
 8 SYSTEMPATH\CodeIgniter.php(349): CodeIgniter\CodeIgniter->handleRequest(null, Object(Config\Cache), false)
 9 FCPATH\index.php(55): CodeIgniter\CodeIgniter->run()
10 SYSTEMPATH\Commands\Server\rewrite.php(43): require_once('FCPATH\\index.php')
CRITICAL - 2022-07-24 04:08:53 --> Undefined variable $karyawan
in APPPATH\Views\karyawan.php on line 27.
 1 APPPATH\Views\karyawan.php(27): CodeIgniter\Debug\Exceptions->errorHandler(2, 'Undefined variable $karyawan', 'APPPATH\\Views\\karyawan.php', 27)
 2 SYSTEMPATH\View\View.php(213): include('APPPATH\\Views\\karyawan.php')
 3 SYSTEMPATH\View\View.php(216): CodeIgniter\View\View->CodeIgniter\View\{closure}()
 4 SYSTEMPATH\Common.php(1135): CodeIgniter\View\View->render('karyawan', [], true)
 5 APPPATH\Controllers\Karyawan.php(20): view('karyawan', [...])
 6 SYSTEMPATH\CodeIgniter.php(896): App\Controllers\Karyawan->index()
 7 SYSTEMPATH\CodeIgniter.php(466): CodeIgniter\CodeIgniter->runController(Object(App\Controllers\Karyawan))
 8 SYSTEMPATH\CodeIgniter.php(349): CodeIgniter\CodeIgniter->handleRequest(null, Object(Config\Cache), false)
 9 FCPATH\index.php(55): CodeIgniter\CodeIgniter->run()
10 SYSTEMPATH\Commands\Server\rewrite.php(43): require_once('FCPATH\\index.php')
CRITICAL - 2022-07-24 04:09:12 --> Undefined variable $karyawan
in APPPATH\Views\karyawan.php on line 27.
 1 APPPATH\Views\karyawan.php(27): CodeIgniter\Debug\Exceptions->errorHandler(2, 'Undefined variable $karyawan', 'APPPATH\\Views\\karyawan.php', 27)
 2 SYSTEMPATH\View\View.php(213): include('APPPATH\\Views\\karyawan.php')
 3 SYSTEMPATH\View\View.php(216): CodeIgniter\View\View->CodeIgniter\View\{closure}()
 4 SYSTEMPATH\Common.php(1135): CodeIgniter\View\View->render('karyawan', [], true)
 5 APPPATH\Controllers\Karyawan.php(20): view('karyawan', [...])
 6 SYSTEMPATH\CodeIgniter.php(896): App\Controllers\Karyawan->index()
 7 SYSTEMPATH\CodeIgniter.php(466): CodeIgniter\CodeIgniter->runController(Object(App\Controllers\Karyawan))
 8 SYSTEMPATH\CodeIgniter.php(349): CodeIgniter\CodeIgniter->handleRequest(null, Object(Config\Cache), false)
 9 FCPATH\index.php(55): CodeIgniter\CodeIgniter->run()
10 SYSTEMPATH\Commands\Server\rewrite.php(43): require_once('FCPATH\\index.php')
CRITICAL - 2022-07-24 07:51:08 --> Undefined variable $karyawan
in APPPATH\Views\karyawan.php on line 27.
 1 APPPATH\Views\karyawan.php(27): CodeIgniter\Debug\Exceptions->errorHandler(2, 'Undefined variable $karyawan', 'APPPATH\\Views\\karyawan.php', 27)
 2 SYSTEMPATH\View\View.php(213): include('APPPATH\\Views\\karyawan.php')
 3 SYSTEMPATH\View\View.php(216): CodeIgniter\View\View->CodeIgniter\View\{closure}()
 4 SYSTEMPATH\Common.php(1135): CodeIgniter\View\View->render('karyawan', [], true)
 5 APPPATH\Controllers\Karyawan.php(20): view('karyawan', [...])
 6 SYSTEMPATH\CodeIgniter.php(896): App\Controllers\Karyawan->index()
 7 SYSTEMPATH\CodeIgniter.php(466): CodeIgniter\CodeIgniter->runController(Object(App\Controllers\Karyawan))
 8 SYSTEMPATH\CodeIgniter.php(349): CodeIgniter\CodeIgniter->handleRequest(null, Object(Config\Cache), false)
 9 FCPATH\index.php(55): CodeIgniter\CodeIgniter->run()
10 SYSTEMPATH\Commands\Server\rewrite.php(43): require_once('FCPATH\\index.php')
CRITICAL - 2022-07-24 07:55:18 --> Undefined variable $karyawan
in APPPATH\Views\karyawan.php on line 27.
 1 APPPATH\Views\karyawan.php(27): CodeIgniter\Debug\Exceptions->errorHandler(2, 'Undefined variable $karyawan', 'APPPATH\\Views\\karyawan.php', 27)
 2 SYSTEMPATH\View\View.php(213): include('APPPATH\\Views\\karyawan.php')
 3 SYSTEMPATH\View\View.php(216): CodeIgniter\View\View->CodeIgniter\View\{closure}()
 4 SYSTEMPATH\Common.php(1135): CodeIgniter\View\View->render('karyawan', [], true)
 5 APPPATH\Controllers\Karyawan.php(20): view('karyawan', [...])
 6 SYSTEMPATH\CodeIgniter.php(896): App\Controllers\Karyawan->index()
 7 SYSTEMPATH\CodeIgniter.php(466): CodeIgniter\CodeIgniter->runController(Object(App\Controllers\Karyawan))
 8 SYSTEMPATH\CodeIgniter.php(349): CodeIgniter\CodeIgniter->handleRequest(null, Object(Config\Cache), false)
 9 FCPATH\index.php(55): CodeIgniter\CodeIgniter->run()
10 SYSTEMPATH\Commands\Server\rewrite.php(43): require_once('FCPATH\\index.php')
CRITICAL - 2022-07-24 07:56:04 --> Call to undefined method App\Models\KaryawanModel::getKaryawan
in SYSTEMPATH\Model.php on line 773.
 1 APPPATH\Controllers\Karyawan.php(18): CodeIgniter\Model->__call('getKaryawan', [])
 2 SYSTEMPATH\CodeIgniter.php(896): App\Controllers\Karyawan->index()
 3 SYSTEMPATH\CodeIgniter.php(466): CodeIgniter\CodeIgniter->runController(Object(App\Controllers\Karyawan))
 4 SYSTEMPATH\CodeIgniter.php(349): CodeIgniter\CodeIgniter->handleRequest(null, Object(Config\Cache), false)
 5 FCPATH\index.php(55): CodeIgniter\CodeIgniter->run()
 6 SYSTEMPATH\Commands\Server\rewrite.php(43): require_once('FCPATH\\index.php')
CRITICAL - 2022-07-24 07:56:24 --> Undefined variable $karyawan
in APPPATH\Views\karyawan.php on line 27.
 1 APPPATH\Views\karyawan.php(27): CodeIgniter\Debug\Exceptions->errorHandler(2, 'Undefined variable $karyawan', 'APPPATH\\Views\\karyawan.php', 27)
 2 SYSTEMPATH\View\View.php(213): include('APPPATH\\Views\\karyawan.php')
 3 SYSTEMPATH\View\View.php(216): CodeIgniter\View\View->CodeIgniter\View\{closure}()
 4 SYSTEMPATH\Common.php(1135): CodeIgniter\View\View->render('karyawan', [], true)
 5 APPPATH\Controllers\Karyawan.php(20): view('karyawan', [...])
 6 SYSTEMPATH\CodeIgniter.php(896): App\Controllers\Karyawan->index()
 7 SYSTEMPATH\CodeIgniter.php(466): CodeIgniter\CodeIgniter->runController(Object(App\Controllers\Karyawan))
 8 SYSTEMPATH\CodeIgniter.php(349): CodeIgniter\CodeIgniter->handleRequest(null, Object(Config\Cache), false)
 9 FCPATH\index.php(55): CodeIgniter\CodeIgniter->run()
10 SYSTEMPATH\Commands\Server\rewrite.php(43): require_once('FCPATH\\index.php')
CRITICAL - 2022-07-24 21:15:26 --> Undefined variable $karyawan
in APPPATH\Views\karyawan.php on line 28.
 1 APPPATH\Views\karyawan.php(28): CodeIgniter\Debug\Exceptions->errorHandler(2, 'Undefined variable $karyawan', 'APPPATH\\Views\\karyawan.php', 28)
 2 SYSTEMPATH\View\View.php(213): include('APPPATH\\Views\\karyawan.php')
 3 SYSTEMPATH\View\View.php(216): CodeIgniter\View\View->CodeIgniter\View\{closure}()
 4 SYSTEMPATH\Common.php(1135): CodeIgniter\View\View->render('karyawan', [], true)
 5 APPPATH\Controllers\Karyawan.php(20): view('karyawan', [...])
 6 SYSTEMPATH\CodeIgniter.php(896): App\Controllers\Karyawan->index()
 7 SYSTEMPATH\CodeIgniter.php(466): CodeIgniter\CodeIgniter->runController(Object(App\Controllers\Karyawan))
 8 SYSTEMPATH\CodeIgniter.php(349): CodeIgniter\CodeIgniter->handleRequest(null, Object(Config\Cache), false)
 9 FCPATH\index.php(55): CodeIgniter\CodeIgniter->run()
10 SYSTEMPATH\Commands\Server\rewrite.php(43): require_once('FCPATH\\index.php')
